#
# A fatal error has been detected by the Java Runtime Environment:
#
#  EXCEPTION_ACCESS_VIOLATION (0xc0000005) at pc=0x00007ffe34ce57e0, pid=15288, tid=7436
#
# JRE version: Java(TM) SE Runtime Environment (17.0.14+8) (build 17.0.14+8-LTS-191)
# Java VM: Java HotSpot(TM) 64-Bit Server VM (17.0.14+8-LTS-191, mixed mode, emulated-client, sharing, tiered, compressed oops, compressed class ptrs, g1 gc, windows-amd64)
# Problematic frame:
# C  [net.dll+0x57e0]
#
# No core dump will be written. Minidumps are not enabled by default on client versions of Windows
#
# If you would like to submit a bug report, please visit:
#   https://bugreport.java.com/bugreport/crash.jsp
# The crash happened outside the Java Virtual Machine in native code.
# See problematic frame for where to report the bug.
#

---------------  S U M M A R Y ------------

Command Line: -XX:TieredStopAtLevel=1 -Dspring.output.ansi.enabled=always -Dcom.sun.management.jmxremote -Dspring.jmx.enabled=true -Dspring.liveBeansView.mbeanDomain -Dspring.application.admin.enabled=true -Dmanagement.endpoints.jmx.exposure.include=* -javaagent:C:\Users\MSI\AppData\Local\JetBrains\IntelliJ IDEA 2024.3.2.2\lib\idea_rt.jar=61557:C:\Users\MSI\AppData\Local\JetBrains\IntelliJ IDEA 2024.3.2.2\bin -Dfile.encoding=UTF-8 com.mhz.futureNow.FutureNowApplication

Host: 13th Gen Intel(R) Core(TM) i5-13420H, 12 cores, 7G,  Windows 11 , 64 bit Build 26100 (10.0.26100.3775)
Time: Sun Apr 27 11:20:59 2025 Afr. centrale Ouest elapsed time: 4.408286 seconds (0d 0h 0m 4s)

---------------  T H R E A D  ---------------

Current thread (0x000001461084a8f0):  JavaThread "RMI TCP Accept-0" daemon [_thread_in_native, id=7436, stack(0x0000001a69300000,0x0000001a69400000)]

Stack: [0x0000001a69300000,0x0000001a69400000],  sp=0x0000001a693fefc0,  free space=1019k
Native frames: (J=compiled Java code, j=interpreted, Vv=VM code, C=native code)
C  [net.dll+0x57e0]

Java frames: (J=compiled Java code, j=interpreted, Vv=VM code)
j  java.net.NetworkInterface.getAll()[Ljava/net/NetworkInterface;+0 java.base@17.0.14
j  java.net.NetworkInterface.getNetworkInterfaces()Ljava/util/Enumeration;+0 java.base@17.0.14
j  sun.management.jmxremote.LocalRMIServerSocketFactory$1.accept()Ljava/net/Socket;+79 jdk.management.agent@17.0.14
j  sun.rmi.transport.tcp.TCPTransport$AcceptLoop.executeAcceptLoop()V+42 java.rmi@17.0.14
j  sun.rmi.transport.tcp.TCPTransport$AcceptLoop.run()V+1 java.rmi@17.0.14
j  java.lang.Thread.run()V+11 java.base@17.0.14
v  ~StubRoutines::call_stub

siginfo: EXCEPTION_ACCESS_VIOLATION (0xc0000005), reading address 0x00000146109f4010


Registers:
RAX=0x0000000000000001, RBX=0x00000146115020f0, RCX=0x0000000000000000, RDX=0x0000000000000000
RSP=0x0000001a693fefc0, RBP=0x00000000000352e3, RSI=0x00000146115020f0, RDI=0x000001461084a8f0
R8 =0x0000000000000002, R9 =0x0000000000000022, R10=0x0000000000000000, R11=0x0000001a693fef60
R12=0x0000001a693ff040, R13=0x00000146114b3b90, R14=0x0000000000011ba1, R15=0x00000000000001b8
RIP=0x00007ffe34ce57e0, EFLAGS=0x0000000000010217


Register to memory mapping:

RIP=0x00007ffe34ce57e0 net.dll
RAX=0x0000000000000001 is an unknown value
RBX=0x00000146115020f0 points into unknown readable memory: 0x2020000300000002 | 02 00 00 00 03 00 20 20
RCX=0x0 is NULL
RDX=0x0 is NULL
RSP=0x0000001a693fefc0 is pointing into the stack for thread: 0x000001461084a8f0
RBP=0x00000000000352e3 is an unknown value
RSI=0x00000146115020f0 points into unknown readable memory: 0x2020000300000002 | 02 00 00 00 03 00 20 20
RDI=0x000001461084a8f0 is a thread
R8 =0x0000000000000002 is an unknown value
R9 =0x0000000000000022 is an unknown value
R10=0x0 is NULL
R11=0x0000001a693fef60 is pointing into the stack for thread: 0x000001461084a8f0
R12=0x0000001a693ff040 is pointing into the stack for thread: 0x000001461084a8f0
R13=0x00000146114b3b90 points into unknown readable memory: 0x00000146113bd090 | 90 d0 3b 11 46 01 00 00
R14=0x0000000000011ba1 is an unknown value
R15=0x00000000000001b8 is an unknown value


Top of Stack: (sp=0x0000001a693fefc0)
0x0000001a693fefc0:   00000146115023c0 0000000000000028
0x0000001a693fefd0:   000001461084aba0 00007ffe34ce609b
0x0000001a693fefe0:   0000001a693ff170 0000001a693ff228
0x0000001a693feff0:   0000000000000000 0000000000000028
0x0000001a693ff000:   00000146114b3b90 00007ffe34ce6e80
0x0000001a693ff010:   000001461084aba0 000001461084aba0
0x0000001a693ff020:   0000001a693ff0b9 00000146114b3b90
0x0000001a693ff030:   0000000000000000 0000000000000000
0x0000001a693ff040:   0000001a693ff0a0 000001461084a8f0
0x0000001a693ff050:   00000146114ed450 00007ffdf6a1f465
0x0000001a693ff060:   0000001a693ff0e0 0000001a693ff0c8
0x0000001a693ff070:   000001460c3a0888 0000000000000000
0x0000001a693ff080:   0000001a693ff0e0 000001461084a8f0
0x0000001a693ff090:   0000001a693ff0c0 0000001a693f0000
0x0000001a693ff0a0:   0000000000000000 00000145c01f9300
0x0000001a693ff0b0:   0000000000000004 00007ffdf661e5f5 

Instructions: (pc=0x00007ffe34ce57e0)
0x00007ffe34ce56e0:   ff ff 48 8b cb 48 8b 5b 40 ff 15 c1 9b 00 00 48
0x00007ffe34ce56f0:   8b cb 48 85 db 75 ee e9 bf fb ff ff 48 8b cb 48
0x00007ffe34ce5700:   8b 5b 40 ff 15 a7 9b 00 00 48 8b cb 48 85 db 75
0x00007ffe34ce5710:   ee e9 a5 fb ff ff 48 8b cb 48 8b 5b 40 ff 15 8d
0x00007ffe34ce5720:   9b 00 00 48 8b cb 48 85 db 75 ee e9 8b fb ff ff
0x00007ffe34ce5730:   48 89 5c 24 08 48 89 74 24 10 57 48 83 ec 20 48
0x00007ffe34ce5740:   8b f2 49 8b f8 48 8d 54 24 48 48 8b d9 e8 92 08
0x00007ffe34ce5750:   00 00 85 c0 79 04 33 c0 eb 22 4c 8b 4c 24 48 4c
0x00007ffe34ce5760:   8b c7 48 8b d6 48 8b cb e8 1f 00 00 00 48 8b 4c
0x00007ffe34ce5770:   24 48 8b d8 ff 15 36 9b 00 00 8b c3 48 8b 5c 24
0x00007ffe34ce5780:   30 48 8b 74 24 38 48 83 c4 20 5f c3 48 8b c4 48
0x00007ffe34ce5790:   89 58 10 48 89 68 18 48 89 70 20 48 89 48 08 57
0x00007ffe34ce57a0:   41 54 41 55 41 56 41 57 48 83 ec 20 4c 8b ea 49
0x00007ffe34ce57b0:   8b f9 33 d2 4d 8b e0 4d 85 c9 75 07 33 c0 e9 fc
0x00007ffe34ce57c0:   00 00 00 44 8b fa 48 8b da 44 8b f2 41 39 11 0f
0x00007ffe34ce57d0:   86 e3 00 00 00 41 8b c6 48 8d 2c 40 41 8b 45 10
0x00007ffe34ce57e0:   39 44 ef 08 0f 85 bd 00 00 00 39 54 ef 04 0f 84
0x00007ffe34ce57f0:   b3 00 00 00 b9 48 00 00 00 ff 15 b9 9a 00 00 33
0x00007ffe34ce5800:   d2 48 8b f0 48 85 c0 0f 84 cf 00 00 00 44 8d 42
0x00007ffe34ce5810:   02 66 44 89 00 8b 44 ef 04 89 46 04 41 8b 4d 14
0x00007ffe34ce5820:   83 e9 06 74 23 83 e9 03 74 1e 83 e9 06 74 19 83
0x00007ffe34ce5830:   e9 08 74 0f 83 e9 01 74 0f 83 e9 04 74 05 83 f9
0x00007ffe34ce5840:   2b 74 05 83 c8 ff eb 4a 66 44 89 46 1c ba 01 00
0x00007ffe34ce5850:   00 00 8b 4c ef 04 8b 44 ef 0c 23 c8 39 54 ef 10
0x00007ffe34ce5860:   75 06 f7 d0 0b c1 eb 02 8b c1 89 46 20 8b 4c ef
0x00007ffe34ce5870:   0c ff 15 89 99 00 00 33 d2 8b c8 66 89 56 38 85
0x00007ffe34ce5880:   c0 74 13 0f b7 c2 44 8d 42 01 66 41 03 c0 03 c9
0x00007ffe34ce5890:   75 f8 66 89 46 38 b8 01 00 00 00 48 89 5e 40 44
0x00007ffe34ce58a0:   03 f8 48 8b de eb 05 b8 01 00 00 00 44 03 f0 44
0x00007ffe34ce58b0:   3b 37 0f 82 1d ff ff ff 49 89 1c 24 41 8b c7 48
0x00007ffe34ce58c0:   8b 5c 24 58 48 8b 6c 24 60 48 8b 74 24 68 48 83
0x00007ffe34ce58d0:   c4 20 41 5f 41 5e 41 5d 41 5c 5f c3 48 8b 4c 24 


Stack slot to memory mapping:
stack at sp + 0 slots: 0x00000146115023c0 points into unknown readable memory: 0x0000014500000002 | 02 00 00 00 45 01 00 00
stack at sp + 1 slots: 0x0000000000000028 is an unknown value
stack at sp + 2 slots: 0x000001461084aba0 points into unknown readable memory: 0x00007ffdf6eb4670 | 70 46 eb f6 fd 7f 00 00
stack at sp + 3 slots: 0x00007ffe34ce609b net.dll
stack at sp + 4 slots: 0x0000001a693ff170 is pointing into the stack for thread: 0x000001461084a8f0
stack at sp + 5 slots: 0x0000001a693ff228 is pointing into the stack for thread: 0x000001461084a8f0
stack at sp + 6 slots: 0x0 is NULL
stack at sp + 7 slots: 0x0000000000000028 is an unknown value


---------------  P R O C E S S  ---------------

Threads class SMR info:
_java_thread_list=0x0000014611389be0, length=20, elements={
0x00000145b89213b0, 0x00000145caad8f80, 0x00000145caadba50, 0x00000145caaef0b0,
0x00000145caaf0990, 0x00000145caaf3270, 0x00000145caaf3b40, 0x00000145caaf44c0,
0x00000145caaf4dd0, 0x00000145caac1a70, 0x00000145caac2520, 0x000001461074c9d0,
0x00000146107504e0, 0x0000014610862960, 0x000001461084a8f0, 0x0000014610a3d140,
0x0000014610a1eaf0, 0x0000014610b36e50, 0x0000014610dd0a80, 0x0000014610dd0570
}

Java Threads: ( => current thread )
  0x00000145b89213b0 JavaThread "main" [_thread_blocked, id=8948, stack(0x0000001a67f00000,0x0000001a68000000)]
  0x00000145caad8f80 JavaThread "Reference Handler" daemon [_thread_blocked, id=1988, stack(0x0000001a68600000,0x0000001a68700000)]
  0x00000145caadba50 JavaThread "Finalizer" daemon [_thread_blocked, id=21448, stack(0x0000001a68700000,0x0000001a68800000)]
  0x00000145caaef0b0 JavaThread "Signal Dispatcher" daemon [_thread_blocked, id=14988, stack(0x0000001a68800000,0x0000001a68900000)]
  0x00000145caaf0990 JavaThread "Attach Listener" daemon [_thread_blocked, id=5324, stack(0x0000001a68900000,0x0000001a68a00000)]
  0x00000145caaf3270 JavaThread "Service Thread" daemon [_thread_blocked, id=3172, stack(0x0000001a68a00000,0x0000001a68b00000)]
  0x00000145caaf3b40 JavaThread "Monitor Deflation Thread" daemon [_thread_blocked, id=3736, stack(0x0000001a68b00000,0x0000001a68c00000)]
  0x00000145caaf44c0 JavaThread "C1 CompilerThread0" daemon [_thread_blocked, id=10396, stack(0x0000001a68c00000,0x0000001a68d00000)]
  0x00000145caaf4dd0 JavaThread "Sweeper thread" daemon [_thread_blocked, id=20396, stack(0x0000001a68d00000,0x0000001a68e00000)]
  0x00000145caac1a70 JavaThread "Common-Cleaner" daemon [_thread_blocked, id=25644, stack(0x0000001a68e00000,0x0000001a68f00000)]
  0x00000145caac2520 JavaThread "C1 CompilerThread1" daemon [_thread_blocked, id=1920, stack(0x0000001a68f00000,0x0000001a69000000)]
  0x000001461074c9d0 JavaThread "Monitor Ctrl-Break" daemon [_thread_in_native, id=24472, stack(0x0000001a69000000,0x0000001a69100000)]
  0x00000146107504e0 JavaThread "Notification Thread" daemon [_thread_blocked, id=15808, stack(0x0000001a69100000,0x0000001a69200000)]
  0x0000014610862960 JavaThread "C1 CompilerThread2" daemon [_thread_blocked, id=7100, stack(0x0000001a69200000,0x0000001a69300000)]
=>0x000001461084a8f0 JavaThread "RMI TCP Accept-0" daemon [_thread_in_native, id=7436, stack(0x0000001a69300000,0x0000001a69400000)]
  0x0000014610a3d140 JavaThread "RMI TCP Connection(1)-192.168.1.12" daemon [_thread_in_native, id=6052, stack(0x0000001a69500000,0x0000001a69600000)]
  0x0000014610a1eaf0 JavaThread "RMI Scheduler(0)" daemon [_thread_blocked, id=10032, stack(0x0000001a69600000,0x0000001a69700000)]
  0x0000014610b36e50 JavaThread "JMX server connection timeout 20" daemon [_thread_blocked, id=25516, stack(0x0000001a69700000,0x0000001a69800000)]
  0x0000014610dd0a80 JavaThread "Thread-0" [_thread_blocked, id=17972, stack(0x0000001a6a100000,0x0000001a6a200000)]
  0x0000014610dd0570 JavaThread "restartedMain" [_thread_in_Java, id=25836, stack(0x0000001a6a200000,0x0000001a6a300000)]

Other Threads:
  0x00000145caad54e0 VMThread "VM Thread" [stack: 0x0000001a68500000,0x0000001a68600000] [id=5560]
  0x00000145b89da580 WatcherThread [stack: 0x0000001a69400000,0x0000001a69500000] [id=23280]
  0x00000145b897e190 GCTaskThread "GC Thread#0" [stack: 0x0000001a68000000,0x0000001a68100000] [id=23736]
  0x0000014610b7a6d0 GCTaskThread "GC Thread#1" [stack: 0x0000001a69800000,0x0000001a69900000] [id=20400]
  0x0000014610bfcfd0 GCTaskThread "GC Thread#2" [stack: 0x0000001a69900000,0x0000001a69a00000] [id=8696]
  0x0000014610bfd290 GCTaskThread "GC Thread#3" [stack: 0x0000001a69a00000,0x0000001a69b00000] [id=16496]
  0x0000014610bfd550 GCTaskThread "GC Thread#4" [stack: 0x0000001a69b00000,0x0000001a69c00000] [id=16820]
  0x0000014610bfd810 GCTaskThread "GC Thread#5" [stack: 0x0000001a69c00000,0x0000001a69d00000] [id=26492]
  0x0000014610bfdad0 GCTaskThread "GC Thread#6" [stack: 0x0000001a69d00000,0x0000001a69e00000] [id=23464]
  0x0000014610bfdd90 GCTaskThread "GC Thread#7" [stack: 0x0000001a69e00000,0x0000001a69f00000] [id=14744]
  0x0000014610bfe4d0 GCTaskThread "GC Thread#8" [stack: 0x0000001a69f00000,0x0000001a6a000000] [id=15444]
  0x0000014610f6bae0 GCTaskThread "GC Thread#9" [stack: 0x0000001a6a300000,0x0000001a6a400000] [id=23380]
  0x00000145b898f470 ConcurrentGCThread "G1 Main Marker" [stack: 0x0000001a68100000,0x0000001a68200000] [id=11944]
  0x00000145b8990e90 ConcurrentGCThread "G1 Conc#0" [stack: 0x0000001a68200000,0x0000001a68300000] [id=7296]
  0x00000145ca978f40 ConcurrentGCThread "G1 Refine#0" [stack: 0x0000001a68300000,0x0000001a68400000] [id=6656]
  0x0000014610b7ae10 ConcurrentGCThread "G1 Refine#1" [stack: 0x0000001a6a000000,0x0000001a6a100000] [id=22696]
  0x00000145ca979970 ConcurrentGCThread "G1 Service" [stack: 0x0000001a68400000,0x0000001a68500000] [id=23568]

Threads with active compile tasks:

VM state: not at safepoint (normal execution)

VM Mutex/Monitor currently owned by a thread: None

Heap address: 0x0000000084a00000, size: 1974 MB, Compressed Oops mode: 32-bit

CDS archive(s) mapped at: [0x00000145cb000000-0x00000145cbbd0000-0x00000145cbbd0000), size 12386304, SharedBaseAddress: 0x00000145cb000000, ArchiveRelocationMode: 1.
Compressed class space mapped at: 0x00000145cc000000-0x000001460c000000, reserved size: 1073741824
Narrow klass base: 0x00000145cb000000, Narrow klass shift: 0, Narrow klass range: 0x100000000

GC Precious Log:
 CPUs: 12 total, 12 available
 Memory: 7895M
 Large Page Support: Disabled
 NUMA Support: Disabled
 Compressed Oops: Enabled (32-bit)
 Heap Region Size: 1M
 Heap Min Capacity: 8M
 Heap Initial Capacity: 124M
 Heap Max Capacity: 1974M
 Pre-touch: Disabled
 Parallel Workers: 10
 Concurrent Workers: 3
 Concurrent Refinement Workers: 10
 Periodic GC: Disabled

Heap:
 garbage-first heap   total 126976K, used 39800K [0x0000000084a00000, 0x0000000100000000)
  region size 1024K, 31 young (31744K), 5 survivors (5120K)
 Metaspace       used 20443K, committed 20800K, reserved 1114112K
  class space    used 2762K, committed 2944K, reserved 1048576K

Heap Regions: E=young(eden), S=young(survivor), O=old, HS=humongous(starts), HC=humongous(continues), CS=collection set, F=free, OA=open archive, CA=closed archive, TAMS=top-at-mark-start (previous, next)
|   0|0x0000000084a00000, 0x0000000084b00000, 0x0000000084b00000|100%|HS|  |TAMS 0x0000000084a00000, 0x0000000084a00000| Complete 
|   1|0x0000000084b00000, 0x0000000084c00000, 0x0000000084c00000|100%| O|  |TAMS 0x0000000084b00000, 0x0000000084b00000| Untracked 
|   2|0x0000000084c00000, 0x0000000084d00000, 0x0000000084d00000|100%| O|  |TAMS 0x0000000084c00000, 0x0000000084c00000| Untracked 
|   3|0x0000000084d00000, 0x0000000084e00000, 0x0000000084e00000|100%| O|  |TAMS 0x0000000084d00000, 0x0000000084d00000| Untracked 
|   4|0x0000000084e00000, 0x0000000084f00000, 0x0000000084f00000|100%| O|  |TAMS 0x0000000084e00000, 0x0000000084e00000| Untracked 
|   5|0x0000000084f00000, 0x0000000085000000, 0x0000000085000000|100%| O|  |TAMS 0x0000000084f00000, 0x0000000084f00000| Untracked 
|   6|0x0000000085000000, 0x0000000085100000, 0x0000000085100000|100%| O|  |TAMS 0x0000000085000000, 0x0000000085000000| Untracked 
|   7|0x0000000085100000, 0x0000000085200000, 0x0000000085200000|100%| O|  |TAMS 0x0000000085100000, 0x0000000085100000| Untracked 
|   8|0x0000000085200000, 0x0000000085300000, 0x0000000085300000|100%| O|  |TAMS 0x0000000085200000, 0x0000000085200000| Untracked 
|   9|0x0000000085300000, 0x0000000085400000, 0x0000000085400000|100%| O|  |TAMS 0x0000000085300000, 0x0000000085300000| Untracked 
|  10|0x0000000085400000, 0x0000000085439200, 0x0000000085500000| 22%| O|  |TAMS 0x0000000085400000, 0x0000000085400000| Untracked 
|  11|0x0000000085500000, 0x0000000085500000, 0x0000000085600000|  0%| F|  |TAMS 0x0000000085500000, 0x0000000085500000| Untracked 
|  12|0x0000000085600000, 0x0000000085600000, 0x0000000085700000|  0%| F|  |TAMS 0x0000000085600000, 0x0000000085600000| Untracked 
|  13|0x0000000085700000, 0x0000000085700000, 0x0000000085800000|  0%| F|  |TAMS 0x0000000085700000, 0x0000000085700000| Untracked 
|  14|0x0000000085800000, 0x0000000085800000, 0x0000000085900000|  0%| F|  |TAMS 0x0000000085800000, 0x0000000085800000| Untracked 
|  15|0x0000000085900000, 0x0000000085900000, 0x0000000085a00000|  0%| F|  |TAMS 0x0000000085900000, 0x0000000085900000| Untracked 
|  16|0x0000000085a00000, 0x0000000085a00000, 0x0000000085b00000|  0%| F|  |TAMS 0x0000000085a00000, 0x0000000085a00000| Untracked 
|  17|0x0000000085b00000, 0x0000000085b00000, 0x0000000085c00000|  0%| F|  |TAMS 0x0000000085b00000, 0x0000000085b00000| Untracked 
|  18|0x0000000085c00000, 0x0000000085c00000, 0x0000000085d00000|  0%| F|  |TAMS 0x0000000085c00000, 0x0000000085c00000| Untracked 
|  19|0x0000000085d00000, 0x0000000085d00000, 0x0000000085e00000|  0%| F|  |TAMS 0x0000000085d00000, 0x0000000085d00000| Untracked 
|  20|0x0000000085e00000, 0x0000000085e00000, 0x0000000085f00000|  0%| F|  |TAMS 0x0000000085e00000, 0x0000000085e00000| Untracked 
|  21|0x0000000085f00000, 0x0000000085f00000, 0x0000000086000000|  0%| F|  |TAMS 0x0000000085f00000, 0x0000000085f00000| Untracked 
|  22|0x0000000086000000, 0x0000000086000000, 0x0000000086100000|  0%| F|  |TAMS 0x0000000086000000, 0x0000000086000000| Untracked 
|  23|0x0000000086100000, 0x0000000086100000, 0x0000000086200000|  0%| F|  |TAMS 0x0000000086100000, 0x0000000086100000| Untracked 
|  24|0x0000000086200000, 0x0000000086200000, 0x0000000086300000|  0%| F|  |TAMS 0x0000000086200000, 0x0000000086200000| Untracked 
|  25|0x0000000086300000, 0x0000000086300000, 0x0000000086400000|  0%| F|  |TAMS 0x0000000086300000, 0x0000000086300000| Untracked 
|  26|0x0000000086400000, 0x0000000086400000, 0x0000000086500000|  0%| F|  |TAMS 0x0000000086400000, 0x0000000086400000| Untracked 
|  27|0x0000000086500000, 0x0000000086500000, 0x0000000086600000|  0%| F|  |TAMS 0x0000000086500000, 0x0000000086500000| Untracked 
|  28|0x0000000086600000, 0x0000000086600000, 0x0000000086700000|  0%| F|  |TAMS 0x0000000086600000, 0x0000000086600000| Untracked 
|  29|0x0000000086700000, 0x0000000086700000, 0x0000000086800000|  0%| F|  |TAMS 0x0000000086700000, 0x0000000086700000| Untracked 
|  30|0x0000000086800000, 0x0000000086800000, 0x0000000086900000|  0%| F|  |TAMS 0x0000000086800000, 0x0000000086800000| Untracked 
|  31|0x0000000086900000, 0x0000000086900000, 0x0000000086a00000|  0%| F|  |TAMS 0x0000000086900000, 0x0000000086900000| Untracked 
|  32|0x0000000086a00000, 0x0000000086a00000, 0x0000000086b00000|  0%| F|  |TAMS 0x0000000086a00000, 0x0000000086a00000| Untracked 
|  33|0x0000000086b00000, 0x0000000086b00000, 0x0000000086c00000|  0%| F|  |TAMS 0x0000000086b00000, 0x0000000086b00000| Untracked 
|  34|0x0000000086c00000, 0x0000000086c00000, 0x0000000086d00000|  0%| F|  |TAMS 0x0000000086c00000, 0x0000000086c00000| Untracked 
|  35|0x0000000086d00000, 0x0000000086d00000, 0x0000000086e00000|  0%| F|  |TAMS 0x0000000086d00000, 0x0000000086d00000| Untracked 
|  36|0x0000000086e00000, 0x0000000086e00000, 0x0000000086f00000|  0%| F|  |TAMS 0x0000000086e00000, 0x0000000086e00000| Untracked 
|  37|0x0000000086f00000, 0x0000000086f00000, 0x0000000087000000|  0%| F|  |TAMS 0x0000000086f00000, 0x0000000086f00000| Untracked 
|  38|0x0000000087000000, 0x0000000087000000, 0x0000000087100000|  0%| F|  |TAMS 0x0000000087000000, 0x0000000087000000| Untracked 
|  39|0x0000000087100000, 0x0000000087100000, 0x0000000087200000|  0%| F|  |TAMS 0x0000000087100000, 0x0000000087100000| Untracked 
|  40|0x0000000087200000, 0x0000000087200000, 0x0000000087300000|  0%| F|  |TAMS 0x0000000087200000, 0x0000000087200000| Untracked 
|  41|0x0000000087300000, 0x0000000087300000, 0x0000000087400000|  0%| F|  |TAMS 0x0000000087300000, 0x0000000087300000| Untracked 
|  42|0x0000000087400000, 0x0000000087400000, 0x0000000087500000|  0%| F|  |TAMS 0x0000000087400000, 0x0000000087400000| Untracked 
|  43|0x0000000087500000, 0x0000000087500000, 0x0000000087600000|  0%| F|  |TAMS 0x0000000087500000, 0x0000000087500000| Untracked 
|  44|0x0000000087600000, 0x0000000087600000, 0x0000000087700000|  0%| F|  |TAMS 0x0000000087600000, 0x0000000087600000| Untracked 
|  45|0x0000000087700000, 0x0000000087700000, 0x0000000087800000|  0%| F|  |TAMS 0x0000000087700000, 0x0000000087700000| Untracked 
|  46|0x0000000087800000, 0x0000000087800000, 0x0000000087900000|  0%| F|  |TAMS 0x0000000087800000, 0x0000000087800000| Untracked 
|  47|0x0000000087900000, 0x0000000087900000, 0x0000000087a00000|  0%| F|  |TAMS 0x0000000087900000, 0x0000000087900000| Untracked 
|  48|0x0000000087a00000, 0x0000000087a00000, 0x0000000087b00000|  0%| F|  |TAMS 0x0000000087a00000, 0x0000000087a00000| Untracked 
|  49|0x0000000087b00000, 0x0000000087b00000, 0x0000000087c00000|  0%| F|  |TAMS 0x0000000087b00000, 0x0000000087b00000| Untracked 
|  50|0x0000000087c00000, 0x0000000087c00000, 0x0000000087d00000|  0%| F|  |TAMS 0x0000000087c00000, 0x0000000087c00000| Untracked 
|  51|0x0000000087d00000, 0x0000000087d00000, 0x0000000087e00000|  0%| F|  |TAMS 0x0000000087d00000, 0x0000000087d00000| Untracked 
|  52|0x0000000087e00000, 0x0000000087e00000, 0x0000000087f00000|  0%| F|  |TAMS 0x0000000087e00000, 0x0000000087e00000| Untracked 
|  53|0x0000000087f00000, 0x0000000087f00000, 0x0000000088000000|  0%| F|  |TAMS 0x0000000087f00000, 0x0000000087f00000| Untracked 
|  54|0x0000000088000000, 0x0000000088000000, 0x0000000088100000|  0%| F|  |TAMS 0x0000000088000000, 0x0000000088000000| Untracked 
|  55|0x0000000088100000, 0x0000000088100000, 0x0000000088200000|  0%| F|  |TAMS 0x0000000088100000, 0x0000000088100000| Untracked 
|  56|0x0000000088200000, 0x0000000088200000, 0x0000000088300000|  0%| F|  |TAMS 0x0000000088200000, 0x0000000088200000| Untracked 
|  57|0x0000000088300000, 0x0000000088300000, 0x0000000088400000|  0%| F|  |TAMS 0x0000000088300000, 0x0000000088300000| Untracked 
|  58|0x0000000088400000, 0x0000000088400000, 0x0000000088500000|  0%| F|  |TAMS 0x0000000088400000, 0x0000000088400000| Untracked 
|  59|0x0000000088500000, 0x0000000088500000, 0x0000000088600000|  0%| F|  |TAMS 0x0000000088500000, 0x0000000088500000| Untracked 
|  60|0x0000000088600000, 0x0000000088600000, 0x0000000088700000|  0%| F|  |TAMS 0x0000000088600000, 0x0000000088600000| Untracked 
|  61|0x0000000088700000, 0x0000000088700000, 0x0000000088800000|  0%| F|  |TAMS 0x0000000088700000, 0x0000000088700000| Untracked 
|  62|0x0000000088800000, 0x0000000088800000, 0x0000000088900000|  0%| F|  |TAMS 0x0000000088800000, 0x0000000088800000| Untracked 
|  63|0x0000000088900000, 0x0000000088900000, 0x0000000088a00000|  0%| F|  |TAMS 0x0000000088900000, 0x0000000088900000| Untracked 
|  64|0x0000000088a00000, 0x0000000088a00000, 0x0000000088b00000|  0%| F|  |TAMS 0x0000000088a00000, 0x0000000088a00000| Untracked 
|  65|0x0000000088b00000, 0x0000000088b00000, 0x0000000088c00000|  0%| F|  |TAMS 0x0000000088b00000, 0x0000000088b00000| Untracked 
|  66|0x0000000088c00000, 0x0000000088c00000, 0x0000000088d00000|  0%| F|  |TAMS 0x0000000088c00000, 0x0000000088c00000| Untracked 
|  67|0x0000000088d00000, 0x0000000088d00000, 0x0000000088e00000|  0%| F|  |TAMS 0x0000000088d00000, 0x0000000088d00000| Untracked 
|  68|0x0000000088e00000, 0x0000000088e00000, 0x0000000088f00000|  0%| F|  |TAMS 0x0000000088e00000, 0x0000000088e00000| Untracked 
|  69|0x0000000088f00000, 0x0000000088f00000, 0x0000000089000000|  0%| F|  |TAMS 0x0000000088f00000, 0x0000000088f00000| Untracked 
|  70|0x0000000089000000, 0x00000000890a5140, 0x0000000089100000| 64%| S|CS|TAMS 0x0000000089000000, 0x0000000089000000| Complete 
|  71|0x0000000089100000, 0x0000000089200000, 0x0000000089200000|100%| S|CS|TAMS 0x0000000089100000, 0x0000000089100000| Complete 
|  72|0x0000000089200000, 0x0000000089300000, 0x0000000089300000|100%| S|CS|TAMS 0x0000000089200000, 0x0000000089200000| Complete 
|  73|0x0000000089300000, 0x0000000089400000, 0x0000000089400000|100%| S|CS|TAMS 0x0000000089300000, 0x0000000089300000| Complete 
|  74|0x0000000089400000, 0x0000000089500000, 0x0000000089500000|100%| S|CS|TAMS 0x0000000089400000, 0x0000000089400000| Complete 
|  75|0x0000000089500000, 0x0000000089500000, 0x0000000089600000|  0%| F|  |TAMS 0x0000000089500000, 0x0000000089500000| Untracked 
|  76|0x0000000089600000, 0x0000000089600000, 0x0000000089700000|  0%| F|  |TAMS 0x0000000089600000, 0x0000000089600000| Untracked 
|  77|0x0000000089700000, 0x0000000089700000, 0x0000000089800000|  0%| F|  |TAMS 0x0000000089700000, 0x0000000089700000| Untracked 
|  78|0x0000000089800000, 0x0000000089800000, 0x0000000089900000|  0%| F|  |TAMS 0x0000000089800000, 0x0000000089800000| Untracked 
|  79|0x0000000089900000, 0x0000000089900000, 0x0000000089a00000|  0%| F|  |TAMS 0x0000000089900000, 0x0000000089900000| Untracked 
|  80|0x0000000089a00000, 0x0000000089a00000, 0x0000000089b00000|  0%| F|  |TAMS 0x0000000089a00000, 0x0000000089a00000| Untracked 
|  81|0x0000000089b00000, 0x0000000089b00000, 0x0000000089c00000|  0%| F|  |TAMS 0x0000000089b00000, 0x0000000089b00000| Untracked 
|  82|0x0000000089c00000, 0x0000000089c00000, 0x0000000089d00000|  0%| F|  |TAMS 0x0000000089c00000, 0x0000000089c00000| Untracked 
|  83|0x0000000089d00000, 0x0000000089d00000, 0x0000000089e00000|  0%| F|  |TAMS 0x0000000089d00000, 0x0000000089d00000| Untracked 
|  84|0x0000000089e00000, 0x0000000089e00000, 0x0000000089f00000|  0%| F|  |TAMS 0x0000000089e00000, 0x0000000089e00000| Untracked 
|  85|0x0000000089f00000, 0x0000000089f00000, 0x000000008a000000|  0%| F|  |TAMS 0x0000000089f00000, 0x0000000089f00000| Untracked 
|  86|0x000000008a000000, 0x000000008a000000, 0x000000008a100000|  0%| F|  |TAMS 0x000000008a000000, 0x000000008a000000| Untracked 
|  87|0x000000008a100000, 0x000000008a100000, 0x000000008a200000|  0%| F|  |TAMS 0x000000008a100000, 0x000000008a100000| Untracked 
|  88|0x000000008a200000, 0x000000008a200000, 0x000000008a300000|  0%| F|  |TAMS 0x000000008a200000, 0x000000008a200000| Untracked 
|  89|0x000000008a300000, 0x000000008a300000, 0x000000008a400000|  0%| F|  |TAMS 0x000000008a300000, 0x000000008a300000| Untracked 
|  90|0x000000008a400000, 0x000000008a400000, 0x000000008a500000|  0%| F|  |TAMS 0x000000008a400000, 0x000000008a400000| Untracked 
|  91|0x000000008a500000, 0x000000008a500000, 0x000000008a600000|  0%| F|  |TAMS 0x000000008a500000, 0x000000008a500000| Untracked 
|  92|0x000000008a600000, 0x000000008a600000, 0x000000008a700000|  0%| F|  |TAMS 0x000000008a600000, 0x000000008a600000| Untracked 
|  93|0x000000008a700000, 0x000000008a700000, 0x000000008a800000|  0%| F|  |TAMS 0x000000008a700000, 0x000000008a700000| Untracked 
|  94|0x000000008a800000, 0x000000008a800000, 0x000000008a900000|  0%| F|  |TAMS 0x000000008a800000, 0x000000008a800000| Untracked 
|  95|0x000000008a900000, 0x000000008a900000, 0x000000008aa00000|  0%| F|  |TAMS 0x000000008a900000, 0x000000008a900000| Untracked 
|  96|0x000000008aa00000, 0x000000008aa00000, 0x000000008ab00000|  0%| F|  |TAMS 0x000000008aa00000, 0x000000008aa00000| Untracked 
|  97|0x000000008ab00000, 0x000000008ab00000, 0x000000008ac00000|  0%| F|  |TAMS 0x000000008ab00000, 0x000000008ab00000| Untracked 
|  98|0x000000008ac00000, 0x000000008ad00000, 0x000000008ad00000|100%| E|  |TAMS 0x000000008ac00000, 0x000000008ac00000| Complete 
|  99|0x000000008ad00000, 0x000000008ae00000, 0x000000008ae00000|100%| E|CS|TAMS 0x000000008ad00000, 0x000000008ad00000| Complete 
| 100|0x000000008ae00000, 0x000000008af00000, 0x000000008af00000|100%| E|CS|TAMS 0x000000008ae00000, 0x000000008ae00000| Complete 
| 101|0x000000008af00000, 0x000000008b000000, 0x000000008b000000|100%| E|CS|TAMS 0x000000008af00000, 0x000000008af00000| Complete 
| 102|0x000000008b000000, 0x000000008b100000, 0x000000008b100000|100%| E|CS|TAMS 0x000000008b000000, 0x000000008b000000| Complete 
| 103|0x000000008b100000, 0x000000008b200000, 0x000000008b200000|100%| E|CS|TAMS 0x000000008b100000, 0x000000008b100000| Complete 
| 104|0x000000008b200000, 0x000000008b300000, 0x000000008b300000|100%| E|CS|TAMS 0x000000008b200000, 0x000000008b200000| Complete 
| 105|0x000000008b300000, 0x000000008b400000, 0x000000008b400000|100%| E|CS|TAMS 0x000000008b300000, 0x000000008b300000| Complete 
| 106|0x000000008b400000, 0x000000008b500000, 0x000000008b500000|100%| E|CS|TAMS 0x000000008b400000, 0x000000008b400000| Complete 
| 107|0x000000008b500000, 0x000000008b600000, 0x000000008b600000|100%| E|CS|TAMS 0x000000008b500000, 0x000000008b500000| Complete 
| 108|0x000000008b600000, 0x000000008b700000, 0x000000008b700000|100%| E|CS|TAMS 0x000000008b600000, 0x000000008b600000| Complete 
| 109|0x000000008b700000, 0x000000008b800000, 0x000000008b800000|100%| E|CS|TAMS 0x000000008b700000, 0x000000008b700000| Complete 
| 110|0x000000008b800000, 0x000000008b900000, 0x000000008b900000|100%| E|CS|TAMS 0x000000008b800000, 0x000000008b800000| Complete 
| 111|0x000000008b900000, 0x000000008ba00000, 0x000000008ba00000|100%| E|CS|TAMS 0x000000008b900000, 0x000000008b900000| Complete 
| 112|0x000000008ba00000, 0x000000008bb00000, 0x000000008bb00000|100%| E|CS|TAMS 0x000000008ba00000, 0x000000008ba00000| Complete 
| 113|0x000000008bb00000, 0x000000008bc00000, 0x000000008bc00000|100%| E|CS|TAMS 0x000000008bb00000, 0x000000008bb00000| Complete 
| 114|0x000000008bc00000, 0x000000008bd00000, 0x000000008bd00000|100%| E|CS|TAMS 0x000000008bc00000, 0x000000008bc00000| Complete 
| 115|0x000000008bd00000, 0x000000008be00000, 0x000000008be00000|100%| E|CS|TAMS 0x000000008bd00000, 0x000000008bd00000| Complete 
| 116|0x000000008be00000, 0x000000008bf00000, 0x000000008bf00000|100%| E|CS|TAMS 0x000000008be00000, 0x000000008be00000| Complete 
| 117|0x000000008bf00000, 0x000000008c000000, 0x000000008c000000|100%| E|CS|TAMS 0x000000008bf00000, 0x000000008bf00000| Complete 
| 118|0x000000008c000000, 0x000000008c100000, 0x000000008c100000|100%| E|CS|TAMS 0x000000008c000000, 0x000000008c000000| Complete 
| 119|0x000000008c100000, 0x000000008c200000, 0x000000008c200000|100%| E|CS|TAMS 0x000000008c100000, 0x000000008c100000| Complete 
| 120|0x000000008c200000, 0x000000008c300000, 0x000000008c300000|100%| E|CS|TAMS 0x000000008c200000, 0x000000008c200000| Complete 
| 121|0x000000008c300000, 0x000000008c400000, 0x000000008c400000|100%| E|CS|TAMS 0x000000008c300000, 0x000000008c300000| Complete 
| 122|0x000000008c400000, 0x000000008c500000, 0x000000008c500000|100%| E|CS|TAMS 0x000000008c400000, 0x000000008c400000| Complete 
| 123|0x000000008c500000, 0x000000008c600000, 0x000000008c600000|100%| E|  |TAMS 0x000000008c500000, 0x000000008c500000| Complete 

Card table byte_map: [0x00000145c3900000,0x00000145c3ce0000] _byte_map_base: 0x00000145c34db000

Marking Bits (Prev, Next): (CMBitMap*) 0x00000145b897e7b0, (CMBitMap*) 0x00000145b897e7f0
 Prev Bits: [0x00000145c40c0000, 0x00000145c5f98000)
 Next Bits: [0x00000145c5fa0000, 0x00000145c7e78000)

Polling page: 0x00000145b8050000

Metaspace:

Usage:
  Non-class:     17.29 MB used.
      Class:      2.70 MB used.
       Both:     19.99 MB used.

Virtual space:
  Non-class space:       64.00 MB reserved,      17.44 MB ( 27%) committed,  1 nodes.
      Class space:        1.00 GB reserved,       2.88 MB ( <1%) committed,  1 nodes.
             Both:        1.06 GB reserved,      20.31 MB (  2%) committed. 

Chunk freelists:
   Non-Class:  14.19 MB
       Class:  13.09 MB
        Both:  27.28 MB

MaxMetaspaceSize: unlimited
CompressedClassSpaceSize: 1.00 GB
Initial GC threshold: 21.00 MB
Current GC threshold: 21.00 MB
CDS: on
MetaspaceReclaimPolicy: balanced
 - commit_granule_bytes: 65536.
 - commit_granule_words: 8192.
 - virtual_space_node_default_size: 8388608.
 - enlarge_chunks_in_place: 1.
 - new_chunks_are_fully_committed: 0.
 - uncommit_free_chunks: 1.
 - use_allocation_guard: 0.
 - handle_deallocations: 1.


Internal statistics:

num_allocs_failed_limit: 0.
num_arena_births: 318.
num_arena_deaths: 0.
num_vsnodes_births: 2.
num_vsnodes_deaths: 0.
num_space_committed: 325.
num_space_uncommitted: 0.
num_chunks_returned_to_freelist: 0.
num_chunks_taken_from_freelist: 958.
num_chunk_merges: 0.
num_chunk_splits: 650.
num_chunks_enlarged: 492.
num_inconsistent_stats: 0.

CodeCache: size=49152Kb used=7082Kb max_used=7082Kb free=42069Kb
 bounds [0x00000145c01f0000, 0x00000145c08e0000, 0x00000145c31f0000]
 total_blobs=3599 nmethods=3092 adapters=432
 compilation: enabled
              stopped_count=0, restarted_count=0
 full_count=0

Compilation events (20 events):
Event: 4.347 Thread 0x00000145caaf44c0 nmethod 3056 0x00000145c08cac10 code [0x00000145c08cadc0, 0x00000145c08caf68]
Event: 4.350 Thread 0x0000014610862960 3059       1       java.util.Arrays::sort (47 bytes)
Event: 4.350 Thread 0x00000145caaf44c0 3058       1       java.util.ArrayList::sort (45 bytes)
Event: 4.350 Thread 0x0000014610862960 nmethod 3059 0x00000145c08cb090 code [0x00000145c08cb260, 0x00000145c08cb458]
Event: 4.350 Thread 0x00000145caaf44c0 nmethod 3058 0x00000145c08cb590 code [0x00000145c08cb740, 0x00000145c08cb8f8]
Event: 4.354 Thread 0x0000014610862960 3060       1       org.springframework.boot.autoconfigure.condition.OnWebApplicationCondition::getOutcome (131 bytes)
Event: 4.356 Thread 0x0000014610862960 nmethod 3060 0x00000145c08cba10 code [0x00000145c08cbe40, 0x00000145c08cd0f8]
Event: 4.358 Thread 0x0000014610862960 3061       1       java.util.HashMap::afterNodeAccess (1 bytes)
Event: 4.358 Thread 0x0000014610862960 nmethod 3061 0x00000145c08cdd10 code [0x00000145c08cdea0, 0x00000145c08cdf58]
Event: 4.358 Thread 0x0000014610862960 3062       1       java.lang.reflect.ProxyGenerator::typeNames (61 bytes)
Event: 4.358 Thread 0x00000145caac2520 3063       1       java.lang.reflect.ProxyGenerator$ProxyMethod::codeClassForName (26 bytes)
Event: 4.358 Thread 0x00000145caac2520 nmethod 3063 0x00000145c08ce010 code [0x00000145c08ce1c0, 0x00000145c08ce348]
Event: 4.358 Thread 0x0000014610862960 nmethod 3062 0x00000145c08ce490 code [0x00000145c08ce680, 0x00000145c08cea48]
Event: 4.376 Thread 0x00000145caac2520 3064       1       sun.reflect.annotation.AnnotationParser::parseConst (209 bytes)
Event: 4.377 Thread 0x00000145caaf44c0 3065       1       org.springframework.context.annotation.ConfigurationMethod::getMetadata (5 bytes)
Event: 4.377 Thread 0x0000014610862960 3066       1       org.springframework.core.type.classreading.SimpleMethodMetadata::getMethodName (5 bytes)
Event: 4.377 Thread 0x00000145caaf44c0 nmethod 3065 0x00000145c08cec90 code [0x00000145c08cee20, 0x00000145c08ceef8]
Event: 4.377 Thread 0x0000014610862960 nmethod 3066 0x00000145c08cef90 code [0x00000145c08cf120, 0x00000145c08cf1f8]
Event: 4.378 Thread 0x0000014610862960 3067       1       org.springframework.core.annotation.AbstractMergedAnnotation$$Lambda$362/0x00000145cc21dcf8::apply (8 bytes)
Event: 4.378 Thread 0x00000145caaf44c0 3068       1       org.springframework.core.annotation.AbstractMergedAnnotation::lambda$asAnnotationAttributes$0 (14 bytes)

GC Heap History (6 events):
Event: 1.136 GC heap before
{Heap before GC invocations=0 (full 0):
 garbage-first heap   total 126976K, used 24576K [0x0000000084a00000, 0x0000000100000000)
  region size 1024K, 23 young (23552K), 0 survivors (0K)
 Metaspace       used 6761K, committed 6912K, reserved 1114112K
  class space    used 840K, committed 896K, reserved 1048576K
}
Event: 1.152 GC heap after
{Heap after GC invocations=1 (full 0):
 garbage-first heap   total 126976K, used 10360K [0x0000000084a00000, 0x0000000100000000)
  region size 1024K, 3 young (3072K), 3 survivors (3072K)
 Metaspace       used 6761K, committed 6912K, reserved 1114112K
  class space    used 840K, committed 896K, reserved 1048576K
}
Event: 2.188 GC heap before
{Heap before GC invocations=1 (full 0):
 garbage-first heap   total 126976K, used 30840K [0x0000000084a00000, 0x0000000100000000)
  region size 1024K, 23 young (23552K), 3 survivors (3072K)
 Metaspace       used 9948K, committed 10240K, reserved 1114112K
  class space    used 1317K, committed 1472K, reserved 1048576K
}
Event: 2.193 GC heap after
{Heap after GC invocations=2 (full 0):
 garbage-first heap   total 126976K, used 11702K [0x0000000084a00000, 0x0000000100000000)
  region size 1024K, 2 young (2048K), 2 survivors (2048K)
 Metaspace       used 9948K, committed 10240K, reserved 1114112K
  class space    used 1317K, committed 1472K, reserved 1048576K
}
Event: 3.518 GC heap before
{Heap before GC invocations=2 (full 0):
 garbage-first heap   total 126976K, used 58806K [0x0000000084a00000, 0x0000000100000000)
  region size 1024K, 49 young (50176K), 2 survivors (2048K)
 Metaspace       used 18818K, committed 19136K, reserved 1114112K
  class space    used 2524K, committed 2688K, reserved 1048576K
}
Event: 3.524 GC heap after
{Heap after GC invocations=3 (full 0):
 garbage-first heap   total 126976K, used 15224K [0x0000000084a00000, 0x0000000100000000)
  region size 1024K, 5 young (5120K), 5 survivors (5120K)
 Metaspace       used 18818K, committed 19136K, reserved 1114112K
  class space    used 2524K, committed 2688K, reserved 1048576K
}

Deoptimization events (0 events):
No events

Classes unloaded (0 events):
No events

Classes redefined (0 events):
No events

Internal exceptions (20 events):
Event: 2.488 Thread 0x0000014610dd0570 Exception <a 'java/lang/NoSuchMethodError'{0x000000008c0170a0}: 'void java.lang.invoke.DirectMethodHandle$Holder.invokeStaticInit(java.lang.Object, java.lang.Object, java.lang.Object)'> (0x000000008c0170a0) 
thrown [s\open\src\hotspot\share\interpreter\linkResolver.cpp, line 759]
Event: 2.503 Thread 0x0000014610dd0570 Exception <a 'java/lang/NoSuchMethodError'{0x000000008c0674a0}: 'java.lang.Object java.lang.invoke.DirectMethodHandle$Holder.invokeStatic(java.lang.Object, java.lang.Object, long, java.lang.Object)'> (0x000000008c0674a0) 
thrown [s\open\src\hotspot\share\interpreter\linkResolver.cpp, line 759]
Event: 2.503 Thread 0x0000014610dd0570 Exception <a 'java/lang/NoSuchMethodError'{0x000000008c06af38}: 'java.lang.Object java.lang.invoke.DirectMethodHandle$Holder.invokeStaticInit(java.lang.Object, java.lang.Object, long, java.lang.Object)'> (0x000000008c06af38) 
thrown [s\open\src\hotspot\share\interpreter\linkResolver.cpp, line 759]
Event: 2.504 Thread 0x0000014610dd0570 Exception <a 'java/lang/NoSuchMethodError'{0x000000008c071548}: 'java.lang.Object java.lang.invoke.DirectMethodHandle$Holder.newInvokeSpecial(java.lang.Object, java.lang.Object, long)'> (0x000000008c071548) 
thrown [s\open\src\hotspot\share\interpreter\linkResolver.cpp, line 759]
Event: 2.527 Thread 0x0000014610dd0570 Exception <a 'java/lang/NoSuchMethodError'{0x000000008c0d9d38}: 'void java.lang.invoke.DirectMethodHandle$Holder.invokeSpecial(java.lang.Object, java.lang.Object, java.lang.Object, java.lang.Object, java.lang.Object)'> (0x000000008c0d9d38) 
thrown [s\open\src\hotspot\share\interpreter\linkResolver.cpp, line 759]
Event: 2.528 Thread 0x0000014610dd0570 Exception <a 'java/lang/NoSuchMethodError'{0x000000008c0e2350}: 'void java.lang.invoke.DirectMethodHandle$Holder.invokeVirtual(java.lang.Object, java.lang.Object, java.lang.Object, java.lang.Object)'> (0x000000008c0e2350) 
thrown [s\open\src\hotspot\share\interpreter\linkResolver.cpp, line 759]
Event: 2.589 Thread 0x0000014610dd0570 Exception <a 'java/lang/NoSuchMethodError'{0x000000008be5f230}: 'void java.lang.invoke.DirectMethodHandle$Holder.invokeSpecial(java.lang.Object, java.lang.Object, java.lang.Object)'> (0x000000008be5f230) 
thrown [s\open\src\hotspot\share\interpreter\linkResolver.cpp, line 759]
Event: 2.599 Thread 0x0000014610dd0570 Exception <a 'java/lang/IncompatibleClassChangeError'{0x000000008be94ca0}: Found class java.lang.Object, but interface was expected> (0x000000008be94ca0) 
thrown [s\open\src\hotspot\share\interpreter\linkResolver.cpp, line 826]
Event: 2.599 Thread 0x0000014610dce200 Exception <a 'java/lang/NoClassDefFoundError'{0x000000008bec7d18}: jakarta/validation/Validation> (0x000000008bec7d18) 
thrown [s\open\src\hotspot\share\classfile\systemDictionary.cpp, line 245]
Event: 3.024 Thread 0x0000014610dd0570 Exception <a 'sun/nio/fs/WindowsException'{0x000000008a480088}> (0x000000008a480088) 
thrown [s\open\src\hotspot\share\prims\jni.cpp, line 516]
Event: 3.025 Thread 0x0000014610dd0570 Exception <a 'java/lang/NoSuchMethodError'{0x000000008a4816a0}: 'int java.lang.invoke.DirectMethodHandle$Holder.invokeSpecial(java.lang.Object, java.lang.Object, java.lang.Object, java.lang.Object, java.lang.Object)'> (0x000000008a4816a0) 
thrown [s\open\src\hotspot\share\interpreter\linkResolver.cpp, line 759]
Event: 3.029 Thread 0x0000014610dd0570 Exception <a 'java/lang/NoSuchMethodError'{0x000000008a48a1f8}: 'void java.lang.invoke.DirectMethodHandle$Holder.invokeVirtual(java.lang.Object, java.lang.Object)'> (0x000000008a48a1f8) 
thrown [s\open\src\hotspot\share\interpreter\linkResolver.cpp, line 759]
Event: 3.141 Thread 0x0000014610dce200 Exception <a 'java/lang/NoSuchMethodError'{0x0000000089e94cc0}: 'long java.lang.invoke.DirectMethodHandle$Holder.invokeSpecial(java.lang.Object, java.lang.Object)'> (0x0000000089e94cc0) 
thrown [s\open\src\hotspot\share\interpreter\linkResolver.cpp, line 759]
Event: 3.143 Thread 0x0000014610dce200 Exception <a 'java/lang/NoSuchMethodError'{0x0000000089e9fb10}: 'long java.lang.invoke.DirectMethodHandle$Holder.invokeStatic(java.lang.Object, java.lang.Object)'> (0x0000000089e9fb10) 
thrown [s\open\src\hotspot\share\interpreter\linkResolver.cpp, line 759]
Event: 3.144 Thread 0x0000014610dce200 Exception <a 'java/lang/NoSuchMethodError'{0x0000000089ea3110}: 'long java.lang.invoke.DirectMethodHandle$Holder.invokeStaticInit(java.lang.Object, java.lang.Object)'> (0x0000000089ea3110) 
thrown [s\open\src\hotspot\share\interpreter\linkResolver.cpp, line 759]
Event: 3.147 Thread 0x0000014610dce200 Exception <a 'java/lang/NoSuchMethodError'{0x0000000089eb0c88}: 'long java.lang.invoke.DirectMethodHandle$Holder.invokeInterface(java.lang.Object, java.lang.Object)'> (0x0000000089eb0c88) 
thrown [s\open\src\hotspot\share\interpreter\linkResolver.cpp, line 759]
Event: 3.147 Thread 0x0000014610dce200 Exception <a 'java/lang/IncompatibleClassChangeError'{0x0000000089eb4218}: Found class java.lang.Object, but interface was expected> (0x0000000089eb4218) 
thrown [s\open\src\hotspot\share\interpreter\linkResolver.cpp, line 826]
Event: 3.177 Thread 0x0000014610dce200 Exception <a 'java/lang/NoSuchMethodError'{0x0000000089dbb6f0}: 'java.lang.Object java.lang.invoke.DirectMethodHandle$Holder.invokeVirtual(java.lang.Object, java.lang.Object, java.lang.Object, java.lang.Object)'> (0x0000000089dbb6f0) 
thrown [s\open\src\hotspot\share\interpreter\linkResolver.cpp, line 759]
Event: 3.650 Thread 0x0000014610dd0570 Exception <a 'java/lang/IncompatibleClassChangeError'{0x000000008c146d30}: Found class java.lang.Object, but interface was expected> (0x000000008c146d30) 
thrown [s\open\src\hotspot\share\interpreter\linkResolver.cpp, line 826]
Event: 4.378 Thread 0x000001461084a8f0 Exception <a 'java/lang/Error'{0x000000008ad00170}: IP Helper Library GetIpAddrTable function failed> (0x000000008ad00170) 
thrown [s\open\src\hotspot\share\prims\jni.cpp, line 535]

VM Operations (20 events):
Event: 2.188 Executing VM operation: G1CollectForAllocation
Event: 2.193 Executing VM operation: G1CollectForAllocation done
Event: 2.237 Executing VM operation: HandshakeAllThreads
Event: 2.237 Executing VM operation: HandshakeAllThreads done
Event: 2.478 Executing VM operation: HandshakeAllThreads
Event: 2.478 Executing VM operation: HandshakeAllThreads done
Event: 2.577 Executing VM operation: HandshakeAllThreads
Event: 2.577 Executing VM operation: HandshakeAllThreads done
Event: 2.584 Executing VM operation: HandshakeAllThreads
Event: 2.584 Executing VM operation: HandshakeAllThreads done
Event: 2.926 Executing VM operation: HandshakeAllThreads
Event: 2.926 Executing VM operation: HandshakeAllThreads done
Event: 2.995 Executing VM operation: HandshakeAllThreads
Event: 2.995 Executing VM operation: HandshakeAllThreads done
Event: 3.145 Executing VM operation: ICBufferFull
Event: 3.145 Executing VM operation: ICBufferFull done
Event: 3.249 Executing VM operation: HandshakeAllThreads
Event: 3.249 Executing VM operation: HandshakeAllThreads done
Event: 3.518 Executing VM operation: G1CollectForAllocation
Event: 3.524 Executing VM operation: G1CollectForAllocation done

Events (20 events):
Event: 3.297 loading class javax/security/auth/callback/CallbackHandler done
Event: 3.302 loading class com/sun/security/sasl/Provider
Event: 3.302 loading class com/sun/security/sasl/Provider done
Event: 3.302 loading class com/sun/security/sasl/Provider$1
Event: 3.303 loading class com/sun/security/sasl/Provider$1 done
Event: 3.303 loading class com/sun/security/sasl/Provider$ProviderService
Event: 3.303 loading class com/sun/security/sasl/Provider$ProviderService done
Event: 3.303 loading class sun/security/provider/certpath/ldap/JdkLDAP
Event: 3.304 loading class sun/security/provider/certpath/ldap/JdkLDAP done
Event: 3.305 loading class sun/security/provider/certpath/ldap/JdkLDAP$ProviderService
Event: 3.305 loading class sun/security/provider/certpath/ldap/JdkLDAP$ProviderService done
Event: 3.310 Thread 0x0000014610dce200 Thread exited: 0x0000014610dce200
Event: 3.494 Thread 0x0000014610dcdcf0 Thread added: 0x0000014610dcdcf0
Event: 3.565 loading class javax/naming/ldap/LdapContext
Event: 3.565 loading class javax/naming/directory/DirContext
Event: 3.565 loading class javax/naming/directory/DirContext done
Event: 3.565 loading class javax/naming/ldap/LdapContext done
Event: 3.628 Thread 0x0000014610dcdcf0 Thread exited: 0x0000014610dcdcf0
Event: 4.047 loading class java/beans/PropertyVetoException
Event: 4.047 loading class java/beans/PropertyVetoException done


Dynamic libraries:
0x00007ff737710000 - 0x00007ff737720000 	C:\Program Files\Java\jdk-17\bin\java.exe
0x00007ffe532a0000 - 0x00007ffe53500000 	C:\WINDOWS\SYSTEM32\ntdll.dll
0x00007ffe51ba0000 - 0x00007ffe51c67000 	C:\WINDOWS\System32\KERNEL32.DLL
0x00007ffe50810000 - 0x00007ffe50bda000 	C:\WINDOWS\System32\KERNELBASE.dll
0x00007ffe50f50000 - 0x00007ffe5109b000 	C:\WINDOWS\System32\ucrtbase.dll
0x00007ffe3eb70000 - 0x00007ffe3eb8b000 	C:\Program Files\Java\jdk-17\bin\VCRUNTIME140.dll
0x00007ffe3ea00000 - 0x00007ffe3ea19000 	C:\Program Files\Java\jdk-17\bin\jli.dll
0x00007ffe51490000 - 0x00007ffe51542000 	C:\WINDOWS\System32\ADVAPI32.dll
0x00007ffe52380000 - 0x00007ffe52429000 	C:\WINDOWS\System32\msvcrt.dll
0x00007ffe51600000 - 0x00007ffe516a6000 	C:\WINDOWS\System32\sechost.dll
0x00007ffe51a40000 - 0x00007ffe51b56000 	C:\WINDOWS\System32\RPCRT4.dll
0x00007ffe52080000 - 0x00007ffe5224c000 	C:\WINDOWS\System32\USER32.dll
0x00007ffe507e0000 - 0x00007ffe50807000 	C:\WINDOWS\System32\win32u.dll
0x00007ffe32c30000 - 0x00007ffe32ec7000 	C:\WINDOWS\WinSxS\amd64_microsoft.windows.common-controls_6595b64144ccf1df_6.0.26100.3624_none_3e086962e3345f24\COMCTL32.dll
0x00007ffe52250000 - 0x00007ffe5227a000 	C:\WINDOWS\System32\GDI32.dll
0x00007ffe50480000 - 0x00007ffe505b1000 	C:\WINDOWS\System32\gdi32full.dll
0x00007ffe505c0000 - 0x00007ffe50663000 	C:\WINDOWS\System32\msvcp_win.dll
0x00007ffe48bd0000 - 0x00007ffe48bdb000 	C:\WINDOWS\SYSTEM32\VERSION.dll
0x00007ffe51b60000 - 0x00007ffe51b8f000 	C:\WINDOWS\System32\IMM32.DLL
0x00007ffe3eb60000 - 0x00007ffe3eb6c000 	C:\Program Files\Java\jdk-17\bin\vcruntime140_1.dll
0x00007ffe15f20000 - 0x00007ffe15fae000 	C:\Program Files\Java\jdk-17\bin\msvcp140.dll
0x00007ffdf6410000 - 0x00007ffdf6ff1000 	C:\Program Files\Java\jdk-17\bin\server\jvm.dll
0x00007ffe51990000 - 0x00007ffe51998000 	C:\WINDOWS\System32\PSAPI.DLL
0x00007ffe462e0000 - 0x00007ffe46316000 	C:\WINDOWS\SYSTEM32\WINMM.dll
0x00007ffe3d1f0000 - 0x00007ffe3d1fa000 	C:\WINDOWS\SYSTEM32\WSOCK32.dll
0x00007ffe52460000 - 0x00007ffe524d4000 	C:\WINDOWS\System32\WS2_32.dll
0x00007ffe4f370000 - 0x00007ffe4f38a000 	C:\WINDOWS\SYSTEM32\kernel.appcore.dll
0x00007ffe36e70000 - 0x00007ffe36e7a000 	C:\Program Files\Java\jdk-17\bin\jimage.dll
0x00007ffe4db40000 - 0x00007ffe4dd81000 	C:\WINDOWS\SYSTEM32\DBGHELP.DLL
0x00007ffe51cf0000 - 0x00007ffe52072000 	C:\WINDOWS\System32\combase.dll
0x00007ffe51890000 - 0x00007ffe51966000 	C:\WINDOWS\System32\OLEAUT32.dll
0x00007ffdfbd10000 - 0x00007ffdfbd49000 	C:\WINDOWS\SYSTEM32\dbgcore.DLL
0x00007ffe50d60000 - 0x00007ffe50df9000 	C:\WINDOWS\System32\bcryptPrimitives.dll
0x00007ffe291f0000 - 0x00007ffe291fe000 	C:\Program Files\Java\jdk-17\bin\instrument.dll
0x00007ffe1a050000 - 0x00007ffe1a075000 	C:\Program Files\Java\jdk-17\bin\java.dll
0x00007ffe0bda0000 - 0x00007ffe0be77000 	C:\Program Files\Java\jdk-17\bin\jsvml.dll
0x00007ffe524e0000 - 0x00007ffe52c09000 	C:\WINDOWS\System32\SHELL32.dll
0x00007ffe50670000 - 0x00007ffe507d8000 	C:\WINDOWS\System32\wintypes.dll
0x00007ffe4e0e0000 - 0x00007ffe4e932000 	C:\WINDOWS\SYSTEM32\windows.storage.dll
0x00007ffe53160000 - 0x00007ffe5324d000 	C:\WINDOWS\System32\SHCORE.dll
0x00007ffe52c10000 - 0x00007ffe52c74000 	C:\WINDOWS\System32\shlwapi.dll
0x00007ffe50390000 - 0x00007ffe503bf000 	C:\WINDOWS\SYSTEM32\profapi.dll
0x00007ffe29840000 - 0x00007ffe29858000 	C:\Program Files\Java\jdk-17\bin\zip.dll
0x00007ffe34ce0000 - 0x00007ffe34cf9000 	C:\Program Files\Java\jdk-17\bin\net.dll
0x00007ffe49c20000 - 0x00007ffe49d3d000 	C:\WINDOWS\SYSTEM32\WINHTTP.dll
0x00007ffe4f870000 - 0x00007ffe4f8da000 	C:\WINDOWS\system32\mswsock.dll
0x00007ffe29a40000 - 0x00007ffe29a56000 	C:\Program Files\Java\jdk-17\bin\nio.dll
0x00007ffe26670000 - 0x00007ffe2668a000 	C:\Users\MSI\AppData\Local\JetBrains\IntelliJ IDEA 2024.3.2.2\bin\breakgen64.dll
0x00007ffe4ed60000 - 0x00007ffe4ee85000 	C:\WINDOWS\SYSTEM32\DNSAPI.dll
0x00007ffe4ed20000 - 0x00007ffe4ed53000 	C:\WINDOWS\SYSTEM32\IPHLPAPI.DLL
0x00007ffe53250000 - 0x00007ffe5325a000 	C:\WINDOWS\System32\NSI.dll
0x00007ffe49230000 - 0x00007ffe4923b000 	C:\Windows\System32\rasadhlp.dll
0x00007ffe4a520000 - 0x00007ffe4a5a5000 	C:\WINDOWS\System32\fwpuclnt.dll
0x00007ffe15f10000 - 0x00007ffe15f1a000 	C:\Program Files\Java\jdk-17\bin\management.dll
0x00007ffe15f00000 - 0x00007ffe15f0b000 	C:\Program Files\Java\jdk-17\bin\management_ext.dll
0x00007ffe4fc20000 - 0x00007ffe4fc3c000 	C:\WINDOWS\SYSTEM32\CRYPTSP.dll
0x00007ffe4f2d0000 - 0x00007ffe4f30a000 	C:\WINDOWS\system32\rsaenh.dll
0x00007ffe4f910000 - 0x00007ffe4f93b000 	C:\WINDOWS\SYSTEM32\USERENV.dll
0x00007ffe50360000 - 0x00007ffe50386000 	C:\WINDOWS\SYSTEM32\bcrypt.dll
0x00007ffe4faa0000 - 0x00007ffe4faac000 	C:\WINDOWS\SYSTEM32\CRYPTBASE.dll
0x00007ffe4a2e0000 - 0x00007ffe4a2ff000 	C:\WINDOWS\SYSTEM32\dhcpcsvc6.DLL
0x00007ffe4a2b0000 - 0x00007ffe4a2d5000 	C:\WINDOWS\SYSTEM32\dhcpcsvc.DLL
0x00007ffe1b010000 - 0x00007ffe1b028000 	C:\WINDOWS\system32\napinsp.dll
0x00007ffe149f0000 - 0x00007ffe14a02000 	C:\WINDOWS\System32\winrnr.dll
0x00007ffe11f80000 - 0x00007ffe11fb0000 	C:\WINDOWS\system32\nlansp_c.dll
0x00007ffe32730000 - 0x00007ffe32746000 	C:\WINDOWS\system32\wshbth.dll
0x00007ffe27940000 - 0x00007ffe2798e000 	C:\WINDOWS\SYSTEM32\pdh.dll
0x00007ffe1a040000 - 0x00007ffe1a04e000 	C:\Program Files\Java\jdk-17\bin\sunmscapi.dll
0x00007ffe50be0000 - 0x00007ffe50d57000 	C:\WINDOWS\System32\CRYPT32.dll
0x00007ffe4fd70000 - 0x00007ffe4fda0000 	C:\WINDOWS\SYSTEM32\ncrypt.dll
0x00007ffe4fd20000 - 0x00007ffe4fd5f000 	C:\WINDOWS\SYSTEM32\NTASN1.dll

dbghelp: loaded successfully - version: 4.0.5 - missing functions: none
symbol engine: initialized successfully - sym options: 0x614 - pdb path: .;C:\Program Files\Java\jdk-17\bin;C:\WINDOWS\SYSTEM32;C:\WINDOWS\WinSxS\amd64_microsoft.windows.common-controls_6595b64144ccf1df_6.0.26100.3624_none_3e086962e3345f24;C:\Program Files\Java\jdk-17\bin\server;C:\Users\MSI\AppData\Local\JetBrains\IntelliJ IDEA 2024.3.2.2\bin

VM Arguments:
jvm_args: -XX:TieredStopAtLevel=1 -Dspring.output.ansi.enabled=always -Dcom.sun.management.jmxremote -Dspring.jmx.enabled=true -Dspring.liveBeansView.mbeanDomain -Dspring.application.admin.enabled=true -Dmanagement.endpoints.jmx.exposure.include=* -javaagent:C:\Users\MSI\AppData\Local\JetBrains\IntelliJ IDEA 2024.3.2.2\lib\idea_rt.jar=61557:C:\Users\MSI\AppData\Local\JetBrains\IntelliJ IDEA 2024.3.2.2\bin -Dfile.encoding=UTF-8 
java_command: com.mhz.futureNow.FutureNowApplication
java_class_path (initial): C:\Users\MSI\Desktop\Projet_Final\backend\target\classes;C:\Users\MSI\.m2\repository\org\springframework\boot\spring-boot-starter-data-jpa\3.2.8\spring-boot-starter-data-jpa-3.2.8.jar;C:\Users\MSI\.m2\repository\org\springframework\boot\spring-boot-starter-aop\3.2.8\spring-boot-starter-aop-3.2.8.jar;C:\Users\MSI\.m2\repository\org\aspectj\aspectjweaver\1.9.22.1\aspectjweaver-1.9.22.1.jar;C:\Users\MSI\.m2\repository\org\springframework\boot\spring-boot-starter-jdbc\3.2.8\spring-boot-starter-jdbc-3.2.8.jar;C:\Users\MSI\.m2\repository\com\zaxxer\HikariCP\5.0.1\HikariCP-5.0.1.jar;C:\Users\MSI\.m2\repository\org\springframework\spring-jdbc\6.1.11\spring-jdbc-6.1.11.jar;C:\Users\MSI\.m2\repository\org\hibernate\orm\hibernate-core\6.4.9.Final\hibernate-core-6.4.9.Final.jar;C:\Users\MSI\.m2\repository\jakarta\persistence\jakarta.persistence-api\3.1.0\jakarta.persistence-api-3.1.0.jar;C:\Users\MSI\.m2\repository\jakarta\transaction\jakarta.transaction-api\2.0.1\jakarta.transaction-api-2.0.1.jar;C:\Users\MSI\.m2\repository\org\jboss\logging\jboss-logging\3.5.3.Final\jboss-logging-3.5.3.Final.jar;C:\Users\MSI\.m2\repository\org\hibernate\common\hibernate-commons-annotations\6.0.6.Final\hibernate-commons-annotations-6.0.6.Final.jar;C:\Users\MSI\.m2\repository\io\smallrye\jandex\3.1.2\jandex-3.1.2.jar;C:\Users\MSI\.m2\repository\com\fasterxml\classmate\1.6.0\classmate-1.6.0.jar;C:\Users\MSI\.m2\repository\net\bytebuddy\byte-buddy\1.14.18\byte-buddy-1.14.18.jar;C:\Users\MSI\.m2\repository\org\glassfish\jaxb\jaxb-runtime\4.0.5\jaxb-runtime-4.0.5.jar;C:\Users\MSI\.m2\repository\org\glassfish\jaxb\jaxb-core\4.0.5\jaxb-core-4.0.5.jar;C:\Users\MSI\.m2\repository\org\eclipse\angus\angus-activation\2.0.2\angus-activation-2.0.2.jar;C:\Users\MSI\.m2\repository\org\glassfish\jaxb\txw2\4.0.5\txw2-4.0.5.jar;C:\Users\MSI\.m2\repository\com\sun\istack\istack-commons-runtime\4.1.2\istack-commons-runtime-4.1.2.jar;C:\Users\MSI\.m2\repository\jakarta\inject\jakarta.in
Launcher Type: SUN_STANDARD

[Global flags]
     intx CICompilerCount                          = 4                                         {product} {ergonomic}
     uint ConcGCThreads                            = 3                                         {product} {ergonomic}
     uint G1ConcRefinementThreads                  = 10                                        {product} {ergonomic}
   size_t G1HeapRegionSize                         = 1048576                                   {product} {ergonomic}
    uintx GCDrainStackTargetSize                   = 64                                        {product} {ergonomic}
   size_t InitialHeapSize                          = 130023424                                 {product} {ergonomic}
     bool ManagementServer                         = true                                      {product} {command line}
   size_t MarkStackSize                            = 4194304                                   {product} {ergonomic}
   size_t MaxHeapSize                              = 2069889024                                {product} {ergonomic}
   size_t MaxNewSize                               = 1241513984                                {product} {ergonomic}
   size_t MinHeapDeltaBytes                        = 1048576                                   {product} {ergonomic}
   size_t MinHeapSize                              = 8388608                                   {product} {ergonomic}
    uintx NonProfiledCodeHeapSize                  = 0                                      {pd product} {ergonomic}
     bool ProfileInterpreter                       = false                                  {pd product} {command line}
    uintx ProfiledCodeHeapSize                     = 0                                      {pd product} {ergonomic}
   size_t SoftMaxHeapSize                          = 2069889024                             {manageable} {ergonomic}
     intx TieredStopAtLevel                        = 1                                         {product} {command line}
     bool UseCompressedClassPointers               = true                           {product lp64_product} {ergonomic}
     bool UseCompressedOops                        = true                           {product lp64_product} {ergonomic}
     bool UseG1GC                                  = true                                      {product} {ergonomic}
     bool UseLargePagesIndividualAllocation        = false                                  {pd product} {ergonomic}

Logging:
Log output configuration:
 #0: stdout all=warning uptime,level,tags
 #1: stderr all=off uptime,level,tags

Environment Variables:
PATH=C:\Program Files\Common Files\Oracle\Java\javapath;C:\Python313\Scripts\;C:\Python313\;C:\WINDOWS\system32;C:\WINDOWS;C:\WINDOWS\System32\Wbem;C:\WINDOWS\System32\WindowsPowerShell\v1.0\;C:\WINDOWS\System32\OpenSSH\;C:\Program Files (x86)\NVIDIA Corporation\PhysX\Common;C:\Program Files\NVIDIA Corporation\NVIDIA NvDLISR;C:\Rhubarb;C:\ffmpeg\bin;C:\Program Files\nodejs\;C:\ProgramData\chocolatey\bin;C:\Program Files\Git\cmd;C:\Program Files (x86)\sox-14-4-2;C:\Program Files\Java\jdk-17\bin;;C:\Program Files\Docker\Docker\resources\bin;C:\Users\MSI\AppData\Local\Microsoft\WindowsApps;C:\Users\MSI\AppData\Local\Programs\Microsoft VS Code\bin;C:\Users\MSI\AppData\Roaming\npm
USERNAME=MSI
OS=Windows_NT
PROCESSOR_IDENTIFIER=Intel64 Family 6 Model 186 Stepping 2, GenuineIntel



---------------  S Y S T E M  ---------------

OS:
 Windows 11 , 64 bit Build 26100 (10.0.26100.3775)
OS uptime: 3 days 1:21 hours
Hyper-V role detected

CPU: total 12 (initial active 12) (6 cores per cpu, 2 threads per core) family 6 model 186 stepping 2 microcode 0x410e, cx8, cmov, fxsr, ht, mmx, 3dnowpref, sse, sse2, sse3, ssse3, sse4.1, sse4.2, popcnt, lzcnt, tsc, tscinvbit, avx, avx2, aes, erms, clmul, bmi1, bmi2, adx, sha, fma, vzeroupper, clflush, clflushopt, clwb, hv

Memory: 4k page, system-wide physical 7895M (24M free)
TotalPageFile size 31447M (AvailPageFile size 10682M)
current process WorkingSet (physical memory assigned to process): 142M, peak: 142M
current process commit charge ("private bytes"): 249M, peak: 250M

vm_info: Java HotSpot(TM) 64-Bit Server VM (17.0.14+8-LTS-191) for windows-amd64 JRE (17.0.14+8-LTS-191), built on Dec  3 2024 11:07:59 by "mach5one" with MS VC++ 17.6 (VS2022)

END.
